{"/Users/macbookpro/dev/wordcamp/src/helpers/apiKeys.ts": {"path":"/Users/macbookpro/dev/wordcamp/src/helpers/apiKeys.ts","statementMap":{"0":{"start":{"line":1,"column":23},"end":{"line":1,"column":77}},"1":{"start":{"line":3,"column":27},"end":{"line":3,"column":115}}},"fnMap":{},"branchMap":{},"s":{"0":1,"1":1},"f":{},"b":{},"_coverageSchema":"1a1c01bbd47fc00a2c39e90264f33305004495a9","hash":"99968ec852b929456537f7258ba289f895036a60"}
,"/Users/macbookpro/dev/wordcamp/src/helpers/enum.ts": {"path":"/Users/macbookpro/dev/wordcamp/src/helpers/enum.ts","statementMap":{},"fnMap":{},"branchMap":{},"s":{},"f":{},"b":{},"_coverageSchema":"1a1c01bbd47fc00a2c39e90264f33305004495a9","hash":"76985d466ec9f52514da0dcaec79f67a9fff4839"}
,"/Users/macbookpro/dev/wordcamp/src/helpers/events.ts": {"path":"/Users/macbookpro/dev/wordcamp/src/helpers/events.ts","statementMap":{"0":{"start":{"line":5,"column":33},"end":{"line":22,"column":1}},"1":{"start":{"line":10,"column":22},"end":{"line":10,"column":24}},"2":{"start":{"line":11,"column":2},"end":{"line":13,"column":3}},"3":{"start":{"line":12,"column":4},"end":{"line":12,"column":32}},"4":{"start":{"line":15,"column":2},"end":{"line":15,"column":42}},"5":{"start":{"line":17,"column":2},"end":{"line":17,"column":32}},"6":{"start":{"line":19,"column":2},"end":{"line":19,"column":21}},"7":{"start":{"line":21,"column":2},"end":{"line":21,"column":15}},"8":{"start":{"line":24,"column":29},"end":{"line":52,"column":1}},"9":{"start":{"line":25,"column":28},"end":{"line":50,"column":4}},"10":{"start":{"line":26,"column":4},"end":{"line":49,"column":6}},"11":{"start":{"line":51,"column":2},"end":{"line":51,"column":14}},"12":{"start":{"line":54,"column":29},"end":{"line":65,"column":1}},"13":{"start":{"line":55,"column":2},"end":{"line":62,"column":3}},"14":{"start":{"line":61,"column":4},"end":{"line":61,"column":61}},"15":{"start":{"line":64,"column":2},"end":{"line":64,"column":118}},"16":{"start":{"line":67,"column":33},"end":{"line":82,"column":1}},"17":{"start":{"line":72,"column":16},"end":{"line":72,"column":33}},"18":{"start":{"line":73,"column":14},"end":{"line":73,"column":29}},"19":{"start":{"line":74,"column":2},"end":{"line":81,"column":5}},"20":{"start":{"line":75,"column":27},"end":{"line":75,"column":45}},"21":{"start":{"line":76,"column":25},"end":{"line":76,"column":41}},"22":{"start":{"line":77,"column":4},"end":{"line":80,"column":6}},"23":{"start":{"line":89,"column":45},"end":{"line":114,"column":1}},"24":{"start":{"line":92,"column":20},"end":{"line":92,"column":22}},"25":{"start":{"line":94,"column":18},"end":{"line":98,"column":4}},"26":{"start":{"line":95,"column":16},"end":{"line":95,"column":45}},"27":{"start":{"line":96,"column":14},"end":{"line":96,"column":43}},"28":{"start":{"line":97,"column":4},"end":{"line":97,"column":43}},"29":{"start":{"line":100,"column":2},"end":{"line":111,"column":5}},"30":{"start":{"line":101,"column":17},"end":{"line":101,"column":50}},"31":{"start":{"line":102,"column":18},"end":{"line":102,"column":69}},"32":{"start":{"line":102,"column":50},"end":{"line":102,"column":68}},"33":{"start":{"line":103,"column":4},"end":{"line":110,"column":5}},"34":{"start":{"line":104,"column":6},"end":{"line":104,"column":37}},"35":{"start":{"line":106,"column":6},"end":{"line":109,"column":9}},"36":{"start":{"line":113,"column":2},"end":{"line":113,"column":16}}},"fnMap":{"0":{"name":"(anonymous_0)","decl":{"start":{"line":5,"column":33},"end":{"line":5,"column":34}},"loc":{"start":{"line":9,"column":13},"end":{"line":22,"column":1}},"line":9},"1":{"name":"(anonymous_1)","decl":{"start":{"line":24,"column":29},"end":{"line":24,"column":30}},"loc":{"start":{"line":24,"column":58},"end":{"line":52,"column":1}},"line":24},"2":{"name":"(anonymous_2)","decl":{"start":{"line":25,"column":36},"end":{"line":25,"column":37}},"loc":{"start":{"line":25,"column":52},"end":{"line":50,"column":3}},"line":25},"3":{"name":"(anonymous_3)","decl":{"start":{"line":54,"column":29},"end":{"line":54,"column":30}},"loc":{"start":{"line":54,"column":53},"end":{"line":65,"column":1}},"line":54},"4":{"name":"(anonymous_4)","decl":{"start":{"line":67,"column":33},"end":{"line":67,"column":34}},"loc":{"start":{"line":71,"column":5},"end":{"line":82,"column":1}},"line":71},"5":{"name":"(anonymous_5)","decl":{"start":{"line":74,"column":21},"end":{"line":74,"column":22}},"loc":{"start":{"line":74,"column":43},"end":{"line":81,"column":3}},"line":74},"6":{"name":"(anonymous_6)","decl":{"start":{"line":89,"column":45},"end":{"line":89,"column":46}},"loc":{"start":{"line":91,"column":39},"end":{"line":114,"column":1}},"line":91},"7":{"name":"(anonymous_7)","decl":{"start":{"line":94,"column":28},"end":{"line":94,"column":29}},"loc":{"start":{"line":94,"column":60},"end":{"line":98,"column":3}},"line":94},"8":{"name":"(anonymous_8)","decl":{"start":{"line":100,"column":20},"end":{"line":100,"column":21}},"loc":{"start":{"line":100,"column":42},"end":{"line":111,"column":3}},"line":100},"9":{"name":"(anonymous_9)","decl":{"start":{"line":102,"column":35},"end":{"line":102,"column":36}},"loc":{"start":{"line":102,"column":50},"end":{"line":102,"column":68}},"line":102}},"branchMap":{"0":{"loc":{"start":{"line":11,"column":2},"end":{"line":13,"column":3}},"type":"if","locations":[{"start":{"line":11,"column":2},"end":{"line":13,"column":3}},{"start":{},"end":{}}],"line":11},"1":{"loc":{"start":{"line":15,"column":24},"end":{"line":15,"column":39}},"type":"binary-expr","locations":[{"start":{"line":15,"column":24},"end":{"line":15,"column":32}},{"start":{"line":15,"column":36},"end":{"line":15,"column":39}}],"line":15},"2":{"loc":{"start":{"line":17,"column":20},"end":{"line":17,"column":29}},"type":"binary-expr","locations":[{"start":{"line":17,"column":20},"end":{"line":17,"column":24}},{"start":{"line":17,"column":28},"end":{"line":17,"column":29}}],"line":17},"3":{"loc":{"start":{"line":55,"column":2},"end":{"line":62,"column":3}},"type":"if","locations":[{"start":{"line":55,"column":2},"end":{"line":62,"column":3}},{"start":{},"end":{}}],"line":55},"4":{"loc":{"start":{"line":56,"column":4},"end":{"line":59,"column":53}},"type":"binary-expr","locations":[{"start":{"line":56,"column":4},"end":{"line":56,"column":22}},{"start":{"line":57,"column":4},"end":{"line":57,"column":39}},{"start":{"line":58,"column":4},"end":{"line":58,"column":50}},{"start":{"line":59,"column":4},"end":{"line":59,"column":53}}],"line":56},"5":{"loc":{"start":{"line":78,"column":6},"end":{"line":79,"column":62}},"type":"binary-expr","locations":[{"start":{"line":78,"column":7},"end":{"line":78,"column":36}},{"start":{"line":78,"column":40},"end":{"line":78,"column":68}},{"start":{"line":79,"column":7},"end":{"line":79,"column":33}},{"start":{"line":79,"column":37},"end":{"line":79,"column":61}}],"line":78},"6":{"loc":{"start":{"line":103,"column":4},"end":{"line":110,"column":5}},"type":"if","locations":[{"start":{"line":103,"column":4},"end":{"line":110,"column":5}},{"start":{"line":105,"column":11},"end":{"line":110,"column":5}}],"line":103}},"s":{"0":1,"1":6,"2":6,"3":2,"4":6,"5":6,"6":6,"7":6,"8":1,"9":5,"10":8,"11":5,"12":1,"13":9,"14":6,"15":3,"16":1,"17":2,"18":2,"19":2,"20":4,"21":4,"22":4,"23":1,"24":1,"25":1,"26":5,"27":5,"28":5,"29":1,"30":4,"31":4,"32":5,"33":4,"34":2,"35":2,"36":1},"f":{"0":6,"1":5,"2":8,"3":9,"4":2,"5":4,"6":1,"7":5,"8":4,"9":5},"b":{"0":[2,4],"1":[6,0],"2":[6,0],"3":[6,3],"4":[9,8,6,6],"5":[4,3,2,1],"6":[2,2]},"_coverageSchema":"1a1c01bbd47fc00a2c39e90264f33305004495a9","hash":"28ca211a95fd50f5b1d61c9346932399a6de86a0"}
,"/Users/macbookpro/dev/wordcamp/src/reducers/events/api.ts": {"path":"/Users/macbookpro/dev/wordcamp/src/reducers/events/api.ts","statementMap":{"0":{"start":{"line":15,"column":33},"end":{"line":25,"column":1}},"1":{"start":{"line":16,"column":2},"end":{"line":24,"column":3}},"2":{"start":{"line":17,"column":16},"end":{"line":19,"column":5}},"3":{"start":{"line":20,"column":17},"end":{"line":20,"column":40}},"4":{"start":{"line":21,"column":4},"end":{"line":21,"column":20}},"5":{"start":{"line":23,"column":4},"end":{"line":23,"column":21}},"6":{"start":{"line":27,"column":41},"end":{"line":41,"column":1}},"7":{"start":{"line":32,"column":2},"end":{"line":40,"column":3}},"8":{"start":{"line":33,"column":16},"end":{"line":35,"column":5}},"9":{"start":{"line":36,"column":17},"end":{"line":36,"column":40}},"10":{"start":{"line":37,"column":4},"end":{"line":37,"column":20}},"11":{"start":{"line":39,"column":4},"end":{"line":39,"column":21}},"12":{"start":{"line":43,"column":39},"end":{"line":63,"column":1}},"13":{"start":{"line":50,"column":2},"end":{"line":62,"column":3}},"14":{"start":{"line":51,"column":16},"end":{"line":53,"column":5}},"15":{"start":{"line":54,"column":17},"end":{"line":58,"column":5}},"16":{"start":{"line":59,"column":4},"end":{"line":59,"column":20}},"17":{"start":{"line":61,"column":4},"end":{"line":61,"column":21}}},"fnMap":{"0":{"name":"(anonymous_0)","decl":{"start":{"line":15,"column":33},"end":{"line":15,"column":34}},"loc":{"start":{"line":15,"column":77},"end":{"line":25,"column":1}},"line":15},"1":{"name":"(anonymous_1)","decl":{"start":{"line":27,"column":41},"end":{"line":27,"column":42}},"loc":{"start":{"line":31,"column":20},"end":{"line":41,"column":1}},"line":31},"2":{"name":"(anonymous_2)","decl":{"start":{"line":43,"column":39},"end":{"line":43,"column":40}},"loc":{"start":{"line":49,"column":24},"end":{"line":63,"column":1}},"line":49}},"branchMap":{},"s":{"0":1,"1":3,"2":3,"3":3,"4":3,"5":0,"6":1,"7":1,"8":1,"9":1,"10":1,"11":0,"12":1,"13":1,"14":1,"15":1,"16":1,"17":0},"f":{"0":3,"1":1,"2":1},"b":{},"_coverageSchema":"1a1c01bbd47fc00a2c39e90264f33305004495a9","hash":"7b8a14d6502dcdcbd295616e58f72544a6685afc"}
}
