{"/Users/macbookpro/dev/wordcamp/src/helpers/apiKeys.ts": {"path":"/Users/macbookpro/dev/wordcamp/src/helpers/apiKeys.ts","statementMap":{"0":{"start":{"line":1,"column":23},"end":{"line":1,"column":77}}},"fnMap":{},"branchMap":{},"s":{"0":1},"f":{},"b":{},"_coverageSchema":"1a1c01bbd47fc00a2c39e90264f33305004495a9","hash":"5859f138fd1a9ce8865a0ef7948f4c1395f324a4"}
,"/Users/macbookpro/dev/wordcamp/src/helpers/enum.ts": {"path":"/Users/macbookpro/dev/wordcamp/src/helpers/enum.ts","statementMap":{},"fnMap":{},"branchMap":{},"s":{},"f":{},"b":{},"_coverageSchema":"1a1c01bbd47fc00a2c39e90264f33305004495a9","hash":"76985d466ec9f52514da0dcaec79f67a9fff4839"}
,"/Users/macbookpro/dev/wordcamp/src/helpers/events.ts": {"path":"/Users/macbookpro/dev/wordcamp/src/helpers/events.ts","statementMap":{"0":{"start":{"line":5,"column":33},"end":{"line":24,"column":1}},"1":{"start":{"line":10,"column":22},"end":{"line":10,"column":24}},"2":{"start":{"line":11,"column":2},"end":{"line":13,"column":3}},"3":{"start":{"line":12,"column":4},"end":{"line":12,"column":32}},"4":{"start":{"line":15,"column":2},"end":{"line":17,"column":3}},"5":{"start":{"line":16,"column":4},"end":{"line":16,"column":37}},"6":{"start":{"line":19,"column":2},"end":{"line":21,"column":3}},"7":{"start":{"line":20,"column":4},"end":{"line":20,"column":29}},"8":{"start":{"line":23,"column":2},"end":{"line":23,"column":15}},"9":{"start":{"line":26,"column":29},"end":{"line":51,"column":1}},"10":{"start":{"line":27,"column":28},"end":{"line":49,"column":4}},"11":{"start":{"line":28,"column":4},"end":{"line":48,"column":6}},"12":{"start":{"line":50,"column":2},"end":{"line":50,"column":14}},"13":{"start":{"line":53,"column":33},"end":{"line":65,"column":1}},"14":{"start":{"line":58,"column":16},"end":{"line":58,"column":33}},"15":{"start":{"line":59,"column":14},"end":{"line":59,"column":29}},"16":{"start":{"line":60,"column":2},"end":{"line":64,"column":5}},"17":{"start":{"line":61,"column":27},"end":{"line":61,"column":49}},"18":{"start":{"line":62,"column":25},"end":{"line":62,"column":45}},"19":{"start":{"line":63,"column":4},"end":{"line":63,"column":71}}},"fnMap":{"0":{"name":"(anonymous_0)","decl":{"start":{"line":5,"column":33},"end":{"line":5,"column":34}},"loc":{"start":{"line":9,"column":13},"end":{"line":24,"column":1}},"line":9},"1":{"name":"(anonymous_1)","decl":{"start":{"line":26,"column":29},"end":{"line":26,"column":30}},"loc":{"start":{"line":26,"column":58},"end":{"line":51,"column":1}},"line":26},"2":{"name":"(anonymous_2)","decl":{"start":{"line":27,"column":36},"end":{"line":27,"column":37}},"loc":{"start":{"line":27,"column":52},"end":{"line":49,"column":3}},"line":27},"3":{"name":"(anonymous_3)","decl":{"start":{"line":53,"column":33},"end":{"line":53,"column":34}},"loc":{"start":{"line":57,"column":5},"end":{"line":65,"column":1}},"line":57},"4":{"name":"(anonymous_4)","decl":{"start":{"line":60,"column":21},"end":{"line":60,"column":22}},"loc":{"start":{"line":60,"column":43},"end":{"line":64,"column":3}},"line":60}},"branchMap":{"0":{"loc":{"start":{"line":11,"column":2},"end":{"line":13,"column":3}},"type":"if","locations":[{"start":{"line":11,"column":2},"end":{"line":13,"column":3}},{"start":{},"end":{}}],"line":11},"1":{"loc":{"start":{"line":15,"column":2},"end":{"line":17,"column":3}},"type":"if","locations":[{"start":{"line":15,"column":2},"end":{"line":17,"column":3}},{"start":{},"end":{}}],"line":15},"2":{"loc":{"start":{"line":19,"column":2},"end":{"line":21,"column":3}},"type":"if","locations":[{"start":{"line":19,"column":2},"end":{"line":21,"column":3}},{"start":{},"end":{}}],"line":19},"3":{"loc":{"start":{"line":63,"column":11},"end":{"line":63,"column":70}},"type":"binary-expr","locations":[{"start":{"line":63,"column":11},"end":{"line":63,"column":40}},{"start":{"line":63,"column":44},"end":{"line":63,"column":70}}],"line":63}},"s":{"0":1,"1":3,"2":3,"3":2,"4":3,"5":3,"6":3,"7":3,"8":3,"9":1,"10":2,"11":2,"12":2,"13":1,"14":0,"15":0,"16":0,"17":0,"18":0,"19":0},"f":{"0":3,"1":2,"2":2,"3":0,"4":0},"b":{"0":[2,1],"1":[3,0],"2":[3,0],"3":[0,0]},"_coverageSchema":"1a1c01bbd47fc00a2c39e90264f33305004495a9","hash":"a83490320f077b40aea7b5de3ff4f933954414f2"}
,"/Users/macbookpro/dev/wordcamp/src/reducers/events/api.ts": {"path":"/Users/macbookpro/dev/wordcamp/src/reducers/events/api.ts","statementMap":{"0":{"start":{"line":11,"column":33},"end":{"line":21,"column":1}},"1":{"start":{"line":12,"column":2},"end":{"line":20,"column":3}},"2":{"start":{"line":13,"column":16},"end":{"line":15,"column":5}},"3":{"start":{"line":16,"column":17},"end":{"line":16,"column":40}},"4":{"start":{"line":17,"column":4},"end":{"line":17,"column":20}},"5":{"start":{"line":19,"column":4},"end":{"line":19,"column":21}},"6":{"start":{"line":23,"column":41},"end":{"line":37,"column":1}},"7":{"start":{"line":28,"column":2},"end":{"line":36,"column":3}},"8":{"start":{"line":29,"column":16},"end":{"line":31,"column":5}},"9":{"start":{"line":32,"column":17},"end":{"line":32,"column":40}},"10":{"start":{"line":33,"column":4},"end":{"line":33,"column":20}},"11":{"start":{"line":35,"column":4},"end":{"line":35,"column":21}},"12":{"start":{"line":39,"column":39},"end":{"line":55,"column":1}},"13":{"start":{"line":46,"column":2},"end":{"line":54,"column":3}},"14":{"start":{"line":47,"column":16},"end":{"line":49,"column":5}},"15":{"start":{"line":50,"column":17},"end":{"line":50,"column":81}},"16":{"start":{"line":51,"column":4},"end":{"line":51,"column":20}},"17":{"start":{"line":53,"column":4},"end":{"line":53,"column":21}}},"fnMap":{"0":{"name":"(anonymous_0)","decl":{"start":{"line":11,"column":33},"end":{"line":11,"column":34}},"loc":{"start":{"line":11,"column":77},"end":{"line":21,"column":1}},"line":11},"1":{"name":"(anonymous_1)","decl":{"start":{"line":23,"column":41},"end":{"line":23,"column":42}},"loc":{"start":{"line":27,"column":5},"end":{"line":37,"column":1}},"line":27},"2":{"name":"(anonymous_2)","decl":{"start":{"line":39,"column":39},"end":{"line":39,"column":40}},"loc":{"start":{"line":45,"column":5},"end":{"line":55,"column":1}},"line":45}},"branchMap":{},"s":{"0":1,"1":1,"2":1,"3":1,"4":1,"5":0,"6":1,"7":1,"8":1,"9":1,"10":1,"11":0,"12":1,"13":0,"14":0,"15":0,"16":0,"17":0},"f":{"0":1,"1":1,"2":0},"b":{},"_coverageSchema":"1a1c01bbd47fc00a2c39e90264f33305004495a9","hash":"2584746a6851f0ec0737e908a8997dda56cbd9f8"}
}
