TN:
SF:src/helpers/apiKeys.ts
FNF:0
FNH:0
DA:1,1
DA:3,1
LF:2
LH:2
BRF:0
BRH:0
end_of_record
TN:
SF:src/helpers/enum.ts
FNF:0
FNH:0
LF:0
LH:0
BRF:0
BRH:0
end_of_record
TN:
SF:src/helpers/events.ts
FN:5,(anonymous_0)
FN:24,(anonymous_1)
FN:25,(anonymous_2)
FN:54,(anonymous_3)
FN:67,(anonymous_4)
FN:74,(anonymous_5)
FN:89,(anonymous_6)
FN:94,(anonymous_7)
FN:100,(anonymous_8)
FN:103,(anonymous_9)
FNF:10
FNH:10
FNDA:6,(anonymous_0)
FNDA:5,(anonymous_1)
FNDA:8,(anonymous_2)
FNDA:9,(anonymous_3)
FNDA:2,(anonymous_4)
FNDA:4,(anonymous_5)
FNDA:1,(anonymous_6)
FNDA:5,(anonymous_7)
FNDA:4,(anonymous_8)
FNDA:5,(anonymous_9)
DA:5,1
DA:10,6
DA:11,6
DA:12,2
DA:15,6
DA:17,6
DA:19,6
DA:21,6
DA:24,1
DA:25,5
DA:26,8
DA:51,5
DA:54,1
DA:55,9
DA:61,6
DA:64,3
DA:67,1
DA:72,2
DA:73,2
DA:74,2
DA:75,4
DA:76,4
DA:77,4
DA:89,1
DA:92,1
DA:94,1
DA:95,5
DA:96,5
DA:97,5
DA:100,1
DA:101,4
DA:102,4
DA:103,5
DA:104,4
DA:105,2
DA:107,2
DA:118,1
LF:37
LH:37
BRDA:11,0,0,2
BRDA:11,0,1,4
BRDA:15,1,0,6
BRDA:15,1,1,0
BRDA:17,2,0,6
BRDA:17,2,1,0
BRDA:55,3,0,6
BRDA:55,3,1,3
BRDA:56,4,0,9
BRDA:56,4,1,8
BRDA:56,4,2,6
BRDA:56,4,3,6
BRDA:78,5,0,4
BRDA:78,5,1,3
BRDA:78,5,2,2
BRDA:78,5,3,1
BRDA:104,6,0,2
BRDA:104,6,1,2
BRF:18
BRH:16
end_of_record
TN:
SF:src/reducers/events/api.ts
FN:15,(anonymous_0)
FN:27,(anonymous_1)
FN:43,(anonymous_2)
FNF:3
FNH:3
FNDA:3,(anonymous_0)
FNDA:1,(anonymous_1)
FNDA:1,(anonymous_2)
DA:15,1
DA:16,3
DA:17,3
DA:20,3
DA:21,3
DA:23,0
DA:27,1
DA:32,1
DA:33,1
DA:36,1
DA:37,1
DA:39,0
DA:43,1
DA:50,1
DA:51,1
DA:54,1
DA:59,1
DA:61,0
LF:18
LH:15
BRF:0
BRH:0
end_of_record
