TN:
SF:src/helpers/apiKeys.ts
FNF:0
FNH:0
DA:1,1
LF:1
LH:1
BRF:0
BRH:0
end_of_record
TN:
SF:src/helpers/enum.ts
FNF:0
FNH:0
LF:0
LH:0
BRF:0
BRH:0
end_of_record
TN:
SF:src/helpers/events.ts
FN:5,(anonymous_0)
FN:26,(anonymous_1)
FN:27,(anonymous_2)
FN:53,(anonymous_3)
FN:60,(anonymous_4)
FNF:5
FNH:5
FNDA:4,(anonymous_0)
FNDA:3,(anonymous_1)
FNDA:3,(anonymous_2)
FNDA:2,(anonymous_3)
FNDA:4,(anonymous_4)
DA:5,1
DA:10,4
DA:11,4
DA:12,2
DA:15,4
DA:16,4
DA:19,4
DA:20,4
DA:23,4
DA:26,1
DA:27,3
DA:28,3
DA:50,3
DA:53,1
DA:58,2
DA:59,2
DA:60,2
DA:61,4
DA:62,4
DA:63,4
LF:20
LH:20
BRDA:11,0,0,2
BRDA:11,0,1,2
BRDA:15,1,0,4
BRDA:15,1,1,0
BRDA:19,2,0,4
BRDA:19,2,1,0
BRDA:64,3,0,4
BRDA:64,3,1,4
BRDA:64,3,2,2
BRDA:64,3,3,1
BRF:10
BRH:8
end_of_record
TN:
SF:src/reducers/events/api.ts
FN:11,(anonymous_0)
FN:23,(anonymous_1)
FN:39,(anonymous_2)
FNF:3
FNH:3
FNDA:1,(anonymous_0)
FNDA:1,(anonymous_1)
FNDA:1,(anonymous_2)
DA:11,1
DA:12,1
DA:13,1
DA:16,1
DA:17,1
DA:19,0
DA:23,1
DA:28,1
DA:29,1
DA:32,1
DA:33,1
DA:35,0
DA:39,1
DA:46,1
DA:47,1
DA:50,1
DA:51,1
DA:53,0
LF:18
LH:15
BRF:0
BRH:0
end_of_record
